# JRE version: Java(TM) SE Runtime Environment (8.0_121-b13) (build 1.8.0_121-b13)
# Java VM: Java HotSpot(TM) 64-Bit Server VM (25.121-b13 mixed mode windows-amd64 compressed oops)
Heap:
 PSYoungGen      total 286208K, used 27865K [0x00000000d5f80000, 0x00000000eca00000, 0x0000000100000000)
  eden space 269312K, 10% used [0x00000000d5f80000,0x00000000d7ab6668,0x00000000e6680000)
  from space 16896K, 0% used [0x00000000e6680000,0x00000000e6680000,0x00000000e7700000)
  to   space 17408K, 0% used [0x00000000eb900000,0x00000000eb900000,0x00000000eca00000)
 ParOldGen       total 151552K, used 46761K [0x0000000081e00000, 0x000000008b200000, 0x00000000d5f80000)
  object space 151552K, 30% used [0x0000000081e00000,0x0000000084baa730,0x000000008b200000)
 Metaspace       used 57823K, capacity 60302K, committed 60416K, reserved 1101824K
  class space    used 7694K, capacity 8136K, committed 8192K, reserved 1048576K
GC Heap History (10 events):
Event: 14.844 GC heap before
{Heap before GC invocations=12 (full 2):
 PSYoungGen      total 179200K, used 167936K [0x00000000d5f80000, 0x00000000e5580000, 0x0000000100000000)
  eden space 167936K, 100% used [0x00000000d5f80000,0x00000000e0380000,0x00000000e0380000)
  from space 11264K, 0% used [0x00000000e0380000,0x00000000e0380000,0x00000000e0e80000)
  to   space 12800K, 0% used [0x00000000e4900000,0x00000000e4900000,0x00000000e5580000)
 ParOldGen       total 89600K, used 17110K [0x0000000081e00000, 0x0000000087580000, 0x00000000d5f80000)
  object space 89600K, 19% used [0x0000000081e00000,0x0000000082eb58e8,0x0000000087580000)
 Metaspace       used 39976K, capacity 41662K, committed 41856K, reserved 1085440K
  class space    used 5129K, capacity 5466K, committed 5504K, reserved 1048576K
Event: 14.861 GC heap after
Heap after GC invocations=12 (full 2):
 PSYoungGen      total 226816K, used 12775K [0x00000000d5f80000, 0x00000000e5580000, 0x0000000100000000)
  eden space 214016K, 0% used [0x00000000d5f80000,0x00000000d5f80000,0x00000000e3080000)
  from space 12800K, 99% used [0x00000000e4900000,0x00000000e5579e80,0x00000000e5580000)
  to   space 14848K, 0% used [0x00000000e3880000,0x00000000e3880000,0x00000000e4700000)
 ParOldGen       total 89600K, used 18565K [0x0000000081e00000, 0x0000000087580000, 0x00000000d5f80000)
  object space 89600K, 20% used [0x0000000081e00000,0x00000000830217b0,0x0000000087580000)
 Metaspace       used 39976K, capacity 41662K, committed 41856K, reserved 1085440K
  class space    used 5129K, capacity 5466K, committed 5504K, reserved 1048576K
}
Event: 18.539 GC heap before
{Heap before GC invocations=13 (full 2):
 PSYoungGen      total 226816K, used 226791K [0x00000000d5f80000, 0x00000000e5580000, 0x0000000100000000)
  eden space 214016K, 100% used [0x00000000d5f80000,0x00000000e3080000,0x00000000e3080000)
  from space 12800K, 99% used [0x00000000e4900000,0x00000000e5579e80,0x00000000e5580000)
  to   space 14848K, 0% used [0x00000000e3880000,0x00000000e3880000,0x00000000e4700000)
 ParOldGen       total 89600K, used 18565K [0x0000000081e00000, 0x0000000087580000, 0x00000000d5f80000)
  object space 89600K, 20% used [0x0000000081e00000,0x00000000830217b0,0x0000000087580000)
 Metaspace       used 42974K, capacity 44836K, committed 45184K, reserved 1089536K
  class space    used 5542K, capacity 5891K, committed 6016K, reserved 1048576K
Event: 18.579 GC heap after
Heap after GC invocations=13 (full 2):
 PSYoungGen      total 237056K, used 7595K [0x00000000d5f80000, 0x00000000e8480000, 0x0000000100000000)
  eden space 222208K, 0% used [0x00000000d5f80000,0x00000000d5f80000,0x00000000e3880000)
  from space 14848K, 51% used [0x00000000e3880000,0x00000000e3feaf58,0x00000000e4700000)
  to   space 13824K, 0% used [0x00000000e7700000,0x00000000e7700000,0x00000000e8480000)
 ParOldGen       total 89600K, used 28761K [0x0000000081e00000, 0x0000000087580000, 0x00000000d5f80000)
  object space 89600K, 32% used [0x0000000081e00000,0x0000000083a16428,0x0000000087580000)
 Metaspace       used 42974K, capacity 44836K, committed 45184K, reserved 1089536K
  class space    used 5542K, capacity 5891K, committed 6016K, reserved 1048576K
}
Event: 22.074 GC heap before
{Heap before GC invocations=14 (full 2):
 PSYoungGen      total 237056K, used 229803K [0x00000000d5f80000, 0x00000000e8480000, 0x0000000100000000)
  eden space 222208K, 100% used [0x00000000d5f80000,0x00000000e3880000,0x00000000e3880000)
  from space 14848K, 51% used [0x00000000e3880000,0x00000000e3feaf58,0x00000000e4700000)
  to   space 13824K, 0% used [0x00000000e7700000,0x00000000e7700000,0x00000000e8480000)
 ParOldGen       total 89600K, used 28761K [0x0000000081e00000, 0x0000000087580000, 0x00000000d5f80000)
  object space 89600K, 32% used [0x0000000081e00000,0x0000000083a16428,0x0000000087580000)
 Metaspace       used 47278K, capacity 49502K, committed 49536K, reserved 1091584K
  class space    used 6127K, capacity 6522K, committed 6528K, reserved 1048576K
Event: 22.115 GC heap after
Heap after GC invocations=14 (full 2):
 PSYoungGen      total 283136K, used 13816K [0x00000000d5f80000, 0x00000000e9580000, 0x0000000100000000)
  eden space 269312K, 0% used [0x00000000d5f80000,0x00000000d5f80000,0x00000000e6680000)
  from space 13824K, 99% used [0x00000000e7700000,0x00000000e847e060,0x00000000e8480000)
  to   space 16896K, 0% used [0x00000000e6680000,0x00000000e6680000,0x00000000e7700000)
 ParOldGen       total 89600K, used 31649K [0x0000000081e00000, 0x0000000087580000, 0x00000000d5f80000)
  object space 89600K, 35% used [0x0000000081e00000,0x0000000083ce8430,0x0000000087580000)
 Metaspace       used 47278K, capacity 49502K, committed 49536K, reserved 1091584K
  class space    used 6127K, capacity 6522K, committed 6528K, reserved 1048576K
}
Event: 33.465 GC heap before
{Heap before GC invocations=15 (full 2):
 PSYoungGen      total 283136K, used 195948K [0x00000000d5f80000, 0x00000000e9580000, 0x0000000100000000)
  eden space 269312K, 67% used [0x00000000d5f80000,0x00000000e115d008,0x00000000e6680000)
  from space 13824K, 99% used [0x00000000e7700000,0x00000000e847e060,0x00000000e8480000)
  to   space 16896K, 0% used [0x00000000e6680000,0x00000000e6680000,0x00000000e7700000)
 ParOldGen       total 89600K, used 31649K [0x0000000081e00000, 0x0000000087580000, 0x00000000d5f80000)
  object space 89600K, 35% used [0x0000000081e00000,0x0000000083ce8430,0x0000000087580000)
 Metaspace       used 56614K, capacity 59084K, committed 59136K, reserved 1099776K
  class space    used 7475K, capacity 7903K, committed 7936K, reserved 1048576K
Event: 33.506 GC heap after
Heap after GC invocations=15 (full 2):
 PSYoungGen      total 286208K, used 12156K [0x00000000d5f80000, 0x00000000eca00000, 0x0000000100000000)
  eden space 269312K, 0% used [0x00000000d5f80000,0x00000000d5f80000,0x00000000e6680000)
  from space 16896K, 71% used [0x00000000e6680000,0x00000000e725f208,0x00000000e7700000)
  to   space 17408K, 0% used [0x00000000eb900000,0x00000000eb900000,0x00000000eca00000)
 ParOldGen       total 89600K, used 44373K [0x0000000081e00000, 0x0000000087580000, 0x00000000d5f80000)
  object space 89600K, 49% used [0x0000000081e00000,0x0000000084955510,0x0000000087580000)
 Metaspace       used 56614K, capacity 59084K, committed 59136K, reserved 1099776K
  class space    used 7475K, capacity 7903K, committed 7936K, reserved 1048576K
}
Event: 33.506 GC heap before
{Heap before GC invocations=16 (full 3):
 PSYoungGen      total 286208K, used 12156K [0x00000000d5f80000, 0x00000000eca00000, 0x0000000100000000)
  eden space 269312K, 0% used [0x00000000d5f80000,0x00000000d5f80000,0x00000000e6680000)
  from space 16896K, 71% used [0x00000000e6680000,0x00000000e725f208,0x00000000e7700000)
  to   space 17408K, 0% used [0x00000000eb900000,0x00000000eb900000,0x00000000eca00000)
 ParOldGen       total 89600K, used 44373K [0x0000000081e00000, 0x0000000087580000, 0x00000000d5f80000)
  object space 89600K, 49% used [0x0000000081e00000,0x0000000084955510,0x0000000087580000)
 Metaspace       used 56614K, capacity 59084K, committed 59136K, reserved 1099776K
  class space    used 7475K, capacity 7903K, committed 7936K, reserved 1048576K
Event: 33.905 GC heap after
Heap after GC invocations=16 (full 3):
 PSYoungGen      total 286208K, used 0K [0x00000000d5f80000, 0x00000000eca00000, 0x0000000100000000)
  eden space 269312K, 0% used [0x00000000d5f80000,0x00000000d5f80000,0x00000000e6680000)
  from space 16896K, 0% used [0x00000000e6680000,0x00000000e6680000,0x00000000e7700000)
  to   space 17408K, 0% used [0x00000000eb900000,0x00000000eb900000,0x00000000eca00000)
 ParOldGen       total 151552K, used 46761K [0x0000000081e00000, 0x000000008b200000, 0x00000000d5f80000)
  object space 151552K, 30% used [0x0000000081e00000,0x0000000084baa730,0x000000008b200000)
 Metaspace       used 56614K, capacity 59084K, committed 59136K, reserved 1099776K
  class space    used 7475K, capacity 7903K, committed 7936K, reserved 1048576K
}

