Heap:
 PSYoungGen      total 328704K, used 195485K [0x00000000d5f80000, 0x00000000eb300000, 0x0000000100000000)
  eden space 316928K, 61% used [0x00000000d5f80000,0x00000000e1e677f0,0x00000000e9500000)
  from space 11776K, 0% used [0x00000000ea280000,0x00000000ea280000,0x00000000eae00000)
  to   space 5120K, 0% used [0x00000000eae00000,0x00000000eae00000,0x00000000eb300000)
 ParOldGen       total 132608K, used 45663K [0x0000000081e00000, 0x0000000089f80000, 0x00000000d5f80000)
  object space 132608K, 34% used [0x0000000081e00000,0x0000000084a97fa8,0x0000000089f80000)
 Metaspace       used 62394K, capacity 65058K, committed 65112K, reserved 1105920K
  class space    used 8305K, capacity 8791K, committed 8832K, reserved 1048576K
GC Heap History (10 events):
Event: 14.209 GC heap before
{Heap before GC invocations=12 (full 2):
 PSYoungGen      total 201728K, used 190464K [0x00000000d5f80000, 0x00000000e7d80000, 0x0000000100000000)
  eden space 190464K, 100% used [0x00000000d5f80000,0x00000000e1980000,0x00000000e1980000)
  from space 11264K, 0% used [0x00000000e1980000,0x00000000e1980000,0x00000000e2480000)
  to   space 12800K, 0% used [0x00000000e7100000,0x00000000e7100000,0x00000000e7d80000)
 ParOldGen       total 80896K, used 16790K [0x0000000081e00000, 0x0000000086d00000, 0x00000000d5f80000)
  object space 80896K, 20% used [0x0000000081e00000,0x0000000082e65a68,0x0000000086d00000)
 Metaspace       used 40619K, capacity 42280K, committed 42456K, reserved 1085440K
  class space    used 5243K, capacity 5565K, committed 5632K, reserved 1048576K
Event: 14.233 GC heap after
Heap after GC invocations=12 (full 2):
 PSYoungGen      total 265216K, used 12775K [0x00000000d5f80000, 0x00000000e7d80000, 0x0000000100000000)
  eden space 252416K, 0% used [0x00000000d5f80000,0x00000000d5f80000,0x00000000e5600000)
  from space 12800K, 99% used [0x00000000e7100000,0x00000000e7d79f08,0x00000000e7d80000)
  to   space 14848K, 0% used [0x00000000e6080000,0x00000000e6080000,0x00000000e6f00000)
 ParOldGen       total 80896K, used 18792K [0x0000000081e00000, 0x0000000086d00000, 0x00000000d5f80000)
  object space 80896K, 23% used [0x0000000081e00000,0x000000008305a108,0x0000000086d00000)
 Metaspace       used 40619K, capacity 42280K, committed 42456K, reserved 1085440K
  class space    used 5243K, capacity 5565K, committed 5632K, reserved 1048576K
}
Event: 20.416 GC heap before
{Heap before GC invocations=13 (full 2):
 PSYoungGen      total 265216K, used 265191K [0x00000000d5f80000, 0x00000000e7d80000, 0x0000000100000000)
  eden space 252416K, 100% used [0x00000000d5f80000,0x00000000e5600000,0x00000000e5600000)
  from space 12800K, 99% used [0x00000000e7100000,0x00000000e7d79f08,0x00000000e7d80000)
  to   space 14848K, 0% used [0x00000000e6080000,0x00000000e6080000,0x00000000e6f00000)
 ParOldGen       total 80896K, used 18792K [0x0000000081e00000, 0x0000000086d00000, 0x00000000d5f80000)
  object space 80896K, 23% used [0x0000000081e00000,0x000000008305a108,0x0000000086d00000)
 Metaspace       used 44662K, capacity 46450K, committed 46680K, reserved 1089536K
  class space    used 5816K, capacity 6199K, committed 6272K, reserved 1048576K
Event: 20.471 GC heap after
Heap after GC invocations=13 (full 2):
 PSYoungGen      total 278016K, used 8960K [0x00000000d5f80000, 0x00000000ebf00000, 0x0000000100000000)
  eden space 263168K, 0% used [0x00000000d5f80000,0x00000000d5f80000,0x00000000e6080000)
  from space 14848K, 60% used [0x00000000e6080000,0x00000000e6940210,0x00000000e6f00000)
  to   space 14848K, 0% used [0x00000000eb080000,0x00000000eb080000,0x00000000ebf00000)
 ParOldGen       total 80896K, used 29681K [0x0000000081e00000, 0x0000000086d00000, 0x00000000d5f80000)
  object space 80896K, 36% used [0x0000000081e00000,0x0000000083afc510,0x0000000086d00000)
 Metaspace       used 44662K, capacity 46450K, committed 46680K, reserved 1089536K
  class space    used 5816K, capacity 6199K, committed 6272K, reserved 1048576K
}
Event: 24.684 GC heap before
{Heap before GC invocations=14 (full 2):
 PSYoungGen      total 278016K, used 272128K [0x00000000d5f80000, 0x00000000ebf00000, 0x0000000100000000)
  eden space 263168K, 100% used [0x00000000d5f80000,0x00000000e6080000,0x00000000e6080000)
  from space 14848K, 60% used [0x00000000e6080000,0x00000000e6940210,0x00000000e6f00000)
  to   space 14848K, 0% used [0x00000000eb080000,0x00000000eb080000,0x00000000ebf00000)
 ParOldGen       total 80896K, used 29681K [0x0000000081e00000, 0x0000000086d00000, 0x00000000d5f80000)
  object space 80896K, 36% used [0x0000000081e00000,0x0000000083afc510,0x0000000086d00000)
 Metaspace       used 48005K, capacity 50178K, committed 50264K, reserved 1093632K
  class space    used 6289K, capacity 6705K, committed 6784K, reserved 1048576K
Event: 24.731 GC heap after
Heap after GC invocations=14 (full 2):
 PSYoungGen      total 345600K, used 9652K [0x00000000d5f80000, 0x00000000eca80000, 0x0000000100000000)
  eden space 330752K, 0% used [0x00000000d5f80000,0x00000000d5f80000,0x00000000ea280000)
  from space 14848K, 65% used [0x00000000eb080000,0x00000000eb9ed2b0,0x00000000ebf00000)
  to   space 14336K, 0% used [0x00000000ea280000,0x00000000ea280000,0x00000000eb080000)
 ParOldGen       total 80896K, used 35609K [0x0000000081e00000, 0x0000000086d00000, 0x00000000d5f80000)
  object space 80896K, 44% used [0x0000000081e00000,0x00000000840c6560,0x0000000086d00000)
 Metaspace       used 48005K, capacity 50178K, committed 50264K, reserved 1093632K
  class space    used 6289K, capacity 6705K, committed 6784K, reserved 1048576K
}
Event: 868.273 GC heap before
{Heap before GC invocations=15 (full 2):
 PSYoungGen      total 345600K, used 192332K [0x00000000d5f80000, 0x00000000eca80000, 0x0000000100000000)
  eden space 330752K, 55% used [0x00000000d5f80000,0x00000000e11e5d88,0x00000000ea280000)
  from space 14848K, 65% used [0x00000000eb080000,0x00000000eb9ed2b0,0x00000000ebf00000)
  to   space 14336K, 0% used [0x00000000ea280000,0x00000000ea280000,0x00000000eb080000)
 ParOldGen       total 80896K, used 35609K [0x0000000081e00000, 0x0000000086d00000, 0x00000000d5f80000)
  object space 80896K, 44% used [0x0000000081e00000,0x00000000840c6560,0x0000000086d00000)
 Metaspace       used 56449K, capacity 58836K, committed 58968K, reserved 1099776K
  class space    used 7463K, capacity 7942K, committed 8064K, reserved 1048576K
Event: 868.301 GC heap after
Heap after GC invocations=15 (full 2):
 PSYoungGen      total 328704K, used 11674K [0x00000000d5f80000, 0x00000000eb300000, 0x0000000100000000)
  eden space 316928K, 0% used [0x00000000d5f80000,0x00000000d5f80000,0x00000000e9500000)
  from space 11776K, 99% used [0x00000000ea280000,0x00000000eade6a30,0x00000000eae00000)
  to   space 5120K, 0% used [0x00000000eae00000,0x00000000eae00000,0x00000000eb300000)
 ParOldGen       total 80896K, used 42201K [0x0000000081e00000, 0x0000000086d00000, 0x00000000d5f80000)
  object space 80896K, 52% used [0x0000000081e00000,0x0000000084736600,0x0000000086d00000)
 Metaspace       used 56449K, capacity 58836K, committed 58968K, reserved 1099776K
  class space    used 7463K, capacity 7942K, committed 8064K, reserved 1048576K
}
Event: 868.301 GC heap before
{Heap before GC invocations=16 (full 3):
 PSYoungGen      total 328704K, used 11674K [0x00000000d5f80000, 0x00000000eb300000, 0x0000000100000000)
  eden space 316928K, 0% used [0x00000000d5f80000,0x00000000d5f80000,0x00000000e9500000)
  from space 11776K, 99% used [0x00000000ea280000,0x00000000eade6a30,0x00000000eae00000)
  to   space 5120K, 0% used [0x00000000eae00000,0x00000000eae00000,0x00000000eb300000)
 ParOldGen       total 80896K, used 42201K [0x0000000081e00000, 0x0000000086d00000, 0x00000000d5f80000)
  object space 80896K, 52% used [0x0000000081e00000,0x0000000084736600,0x0000000086d00000)
 Metaspace       used 56449K, capacity 58836K, committed 58968K, reserved 1099776K
  class space    used 7463K, capacity 7942K, committed 8064K, reserved 1048576K
Event: 868.685 GC heap after
Heap after GC invocations=16 (full 3):
 PSYoungGen      total 328704K, used 0K [0x00000000d5f80000, 0x00000000eb300000, 0x0000000100000000)
  eden space 316928K, 0% used [0x00000000d5f80000,0x00000000d5f80000,0x00000000e9500000)
  from space 11776K, 0% used [0x00000000ea280000,0x00000000ea280000,0x00000000eae00000)
  to   space 5120K, 0% used [0x00000000eae00000,0x00000000eae00000,0x00000000eb300000)
 ParOldGen       total 132608K, used 45663K [0x0000000081e00000, 0x0000000089f80000, 0x00000000d5f80000)
  object space 132608K, 34% used [0x0000000081e00000,0x0000000084a97fa8,0x0000000089f80000)
 Metaspace       used 56449K, capacity 58836K, committed 58968K, reserved 1099776K
  class space    used 7463K, capacity 7942K, committed 8064K, reserved 1048576K
}

